2026-01-06 09:16:43,937 [INFO] Activator:176 - 


2026-01-06 09:16:43,940 [INFO] Activator:177 - !SESSION log4j initialized
2026-01-06 09:16:47,005 [INFO] LogOutputStream:77 - [STDOUT_REDIRECT] 
2026-01-06 09:16:48,092 [INFO] ApplicationProperties:184 - Using Application install path: /opt/st/stm32cubeide_1.18.1/../../../home/tecna-smart-lab/.eclipse/com.st.stm32cube.ide.mcu.rcp.product_1.18.1_139067097_linux_gtk_x86_64/plugins/com.st.stm32cube.common.mx_6.15.0.202507011659
2026-01-06 09:16:48,104 [INFO] DbMcusXml:78 - Set database path to: /opt/st/stm32cubeide_1.18.1/../../../home/tecna-smart-lab/.eclipse/com.st.stm32cube.ide.mcu.rcp.product_1.18.1_139067097_linux_gtk_x86_64/plugins/com.st.stm32cube.common.mx_6.15.0.202507011659//db//mcu/
2026-01-06 09:16:48,104 [INFO] ApiDb:274 - Set plugin database path to: /opt/st/stm32cubeide_1.18.1/../../../home/tecna-smart-lab/.eclipse/com.st.stm32cube.ide.mcu.rcp.product_1.18.1_139067097_linux_gtk_x86_64/plugins/com.st.stm32cube.common.mx_6.15.0.202507011659//db//plugins/boardmanager/
2026-01-06 09:16:48,104 [WARN] ApiDb:259 - Overriding images path with different value:  => /opt/st/stm32cubeide_1.18.1/../../../home/tecna-smart-lab/.eclipse/com.st.stm32cube.ide.mcu.rcp.product_1.18.1_139067097_linux_gtk_x86_64/plugins/com.st.stm32cube.common.mx_6.15.0.202507011659//db//plugins/mcufinder/images/
2026-01-06 09:16:48,106 [INFO] ApiDb:250 - Set database path to: /home/tecna-smart-lab/.stmcufinder/plugins/mcufinder//mcu/
2026-01-06 09:16:48,106 [INFO] DbMcusAds:125 - Set database path to: /home/tecna-smart-lab/.stmcufinder/plugins/mcufinder//mcu/
2026-01-06 09:16:48,107 [INFO] CrossReferenceDbSqlite:203 - Set database path to: /home/tecna-smart-lab/.stmcufinder/plugins/mcufinder//mcu/cs/
2026-01-06 09:16:48,192 [INFO] RulesReader:64 - Compatibility file has been processed (317 Rules)
2026-01-06 09:16:48,250 [INFO] DbMcusXml:78 - Set database path to: /opt/st/stm32cubeide_1.18.1/../../../home/tecna-smart-lab/.eclipse/com.st.stm32cube.ide.mcu.rcp.product_1.18.1_139067097_linux_gtk_x86_64/plugins/com.st.stm32cube.common.mx_6.15.0.202507011659//db//mcu/
2026-01-06 09:16:48,250 [INFO] ApiDb:274 - Set plugin database path to: /opt/st/stm32cubeide_1.18.1/../../../home/tecna-smart-lab/.eclipse/com.st.stm32cube.ide.mcu.rcp.product_1.18.1_139067097_linux_gtk_x86_64/plugins/com.st.stm32cube.common.mx_6.15.0.202507011659//db//plugins/boardmanager/
2026-01-06 09:16:48,250 [INFO] ApiDb:261 - Set plugin images path to: /opt/st/stm32cubeide_1.18.1/../../../home/tecna-smart-lab/.eclipse/com.st.stm32cube.ide.mcu.rcp.product_1.18.1_139067097_linux_gtk_x86_64/plugins/com.st.stm32cube.common.mx_6.15.0.202507011659//db//plugins/mcufinder/images/
2026-01-06 09:16:48,251 [WARN] DbFile:41 - Overriding database path with different value: /home/tecna-smart-lab/.stmcufinder/plugins/mcufinder/ => /home/tecna-smart-lab/.stmcufinder/plugins/mcufinder
2026-01-06 09:16:48,251 [INFO] ApiDb:250 - Set database path to: /home/tecna-smart-lab/.stmcufinder/plugins/mcufinder//mcu/
2026-01-06 09:16:48,251 [WARN] DbFile:41 - Overriding database path with different value: /home/tecna-smart-lab/.stmcufinder/plugins/mcufinder/ => /home/tecna-smart-lab/.stmcufinder/plugins/mcufinder
2026-01-06 09:16:48,251 [INFO] DbMcusAds:125 - Set database path to: /home/tecna-smart-lab/.stmcufinder/plugins/mcufinder//mcu/
2026-01-06 09:16:48,251 [WARN] DbFile:41 - Overriding database path with different value: /home/tecna-smart-lab/.stmcufinder/plugins/mcufinder/ => /home/tecna-smart-lab/.stmcufinder/plugins/mcufinder
2026-01-06 09:16:48,251 [WARN] DbFile:41 - Overriding database path with different value: /home/tecna-smart-lab/.stmcufinder/plugins/mcufinder/ => /home/tecna-smart-lab/.stmcufinder/plugins/mcufinder
2026-01-06 09:16:48,251 [INFO] CrossReferenceDbSqlite:203 - Set database path to: /home/tecna-smart-lab/.stmcufinder/plugins/mcufinder//mcu/cs/
2026-01-06 09:16:48,286 [INFO] MainPanel:274 - HeapMemory: 268435456
2026-01-06 09:16:48,359 [INFO] DbMcusXml:78 - Set database path to: /opt/st/stm32cubeide_1.18.1/../../../home/tecna-smart-lab/.eclipse/com.st.stm32cube.ide.mcu.rcp.product_1.18.1_139067097_linux_gtk_x86_64/plugins/com.st.stm32cube.common.mx_6.15.0.202507011659//db//mcu/
2026-01-06 09:16:48,359 [INFO] ApiDb:274 - Set plugin database path to: /opt/st/stm32cubeide_1.18.1/../../../home/tecna-smart-lab/.eclipse/com.st.stm32cube.ide.mcu.rcp.product_1.18.1_139067097_linux_gtk_x86_64/plugins/com.st.stm32cube.common.mx_6.15.0.202507011659//db//plugins/boardmanager/
2026-01-06 09:16:48,360 [INFO] ApiDb:261 - Set plugin images path to: /opt/st/stm32cubeide_1.18.1/../../../home/tecna-smart-lab/.eclipse/com.st.stm32cube.ide.mcu.rcp.product_1.18.1_139067097_linux_gtk_x86_64/plugins/com.st.stm32cube.common.mx_6.15.0.202507011659//db//plugins/mcufinder/images/
2026-01-06 09:16:48,360 [WARN] DbFile:41 - Overriding database path with different value: /home/tecna-smart-lab/.stmcufinder/plugins/mcufinder/ => /home/tecna-smart-lab/.stmcufinder/plugins/mcufinder
2026-01-06 09:16:48,360 [INFO] ApiDb:250 - Set database path to: /home/tecna-smart-lab/.stmcufinder/plugins/mcufinder//mcu/
2026-01-06 09:16:48,360 [WARN] DbFile:41 - Overriding database path with different value: /home/tecna-smart-lab/.stmcufinder/plugins/mcufinder/ => /home/tecna-smart-lab/.stmcufinder/plugins/mcufinder
2026-01-06 09:16:48,360 [INFO] DbMcusAds:125 - Set database path to: /home/tecna-smart-lab/.stmcufinder/plugins/mcufinder//mcu/
2026-01-06 09:16:48,360 [WARN] DbFile:41 - Overriding database path with different value: /home/tecna-smart-lab/.stmcufinder/plugins/mcufinder/ => /home/tecna-smart-lab/.stmcufinder/plugins/mcufinder
2026-01-06 09:16:48,360 [WARN] DbFile:41 - Overriding database path with different value: /home/tecna-smart-lab/.stmcufinder/plugins/mcufinder/ => /home/tecna-smart-lab/.stmcufinder/plugins/mcufinder
2026-01-06 09:16:48,360 [INFO] CrossReferenceDbSqlite:203 - Set database path to: /home/tecna-smart-lab/.stmcufinder/plugins/mcufinder//mcu/cs/
2026-01-06 09:16:48,373 [INFO] ApplicationProperties:184 - Using Application install path: /opt/st/stm32cubeide_1.18.1/../../../home/tecna-smart-lab/.eclipse/com.st.stm32cube.ide.mcu.rcp.product_1.18.1_139067097_linux_gtk_x86_64/plugins/com.st.stm32cube.common.mx_6.15.0.202507011659
2026-01-06 09:16:48,375 [INFO] PluginManage:196 - Search for loadable plugins [exclusion list=, ]
2026-01-06 09:16:48,376 [INFO] PluginManage:310 - Check plugin analytics
2026-01-06 09:16:48,508 [INFO] AnalyticsPlugin:253 - Accepted Software Licenses: STM32CubeMX.6.15.0
2026-01-06 09:16:48,508 [INFO] AnalyticsPlugin:255 - Accepted CMSIS Pack Licenses: STMicroelectronics.X-CUBE-FREERTOS.1.3.0,STMicroelectronics.X-CUBE-GNSS1.7.0.1,STMicroelectronics.X-CUBE-AZRTOS-H7.3.3.0,portGmbH.I-Cube-SoM-uGOAL.1.1.0,STMicroelectronics.X-CUBE-AZRTOS-G4.2.0.0,STMicroelectronics.X-CUBE-FREERTOS.1.3.1,STMicroelectronics.X-CUBE-NFC6.3.1.0,STMicroelectronics.X-CUBE-NFC4.3.0.0,STMicroelectronics.X-CUBE-NFC7.2.0.0,STMicroelectronics.X-CUBE-NFC9.1.0.0,STMicroelectronics.X-CUBE-NFC12.1.0.0,STMicroelectronics.X-CUBE-NFC10.1.0.0,RealThread.X-CUBE-RT-Thread_Nano.4.1.1,STMicroelectronics.X-CUBE-AZRTOS-F4.1.1.0,STMicroelectronics.X-CUBE-DISPLAY.3.0.0,Infineon.AIROC-Wi-Fi-Bluetooth-STM32.1.7.0,Cesanta.I-CUBE-Mongoose.7.13.0,STMicroelectronics.X-CUBE-AZRTOS-WB.2.0.0
2026-01-06 09:16:48,508 [INFO] AnalyticsPlugin:257 - Accepted Firmware Licenses: FW.U5.1.7.0,FW.G0.1.6.0,FW.H7.1.12.0,FW.C0.1.4.0,FW.F4.1.28.0,FW.G4.1.6.0,FW.U5.1.8.0,FW.WL.1.3.0,FW.H5.1.5.0
2026-01-06 09:16:48,509 [INFO] PluginManage:359 - Loaded plugin analytics (category:tool,tabindex:-1)
2026-01-06 09:16:48,510 [INFO] PluginManage:310 - Check plugin cadmodel
2026-01-06 09:16:48,513 [INFO] CADModel:105 - Init CAD model plugin
2026-01-06 09:16:48,514 [INFO] PluginManage:359 - Loaded plugin cadmodel (category:power,tabindex:5)
2026-01-06 09:16:48,514 [INFO] PluginManage:310 - Check plugin clock
2026-01-06 09:16:48,520 [INFO] PluginManage:359 - Loaded plugin clock (category:base,tabindex:2)
2026-01-06 09:16:48,520 [INFO] PluginManage:310 - Check plugin ddr
2026-01-06 09:16:48,522 [INFO] PluginManage:359 - Loaded plugin ddr (category:tool,tabindex:6)
2026-01-06 09:16:48,522 [INFO] PluginManage:310 - Check plugin filemanager
2026-01-06 09:16:48,625 [INFO] PluginManage:359 - Loaded plugin filemanager (category:base,tabindex:10)
2026-01-06 09:16:48,625 [INFO] PluginManage:310 - Check plugin ipmanager
2026-01-06 09:16:48,628 [INFO] PluginManage:359 - Loaded plugin ipmanager (category:base,tabindex:5)
2026-01-06 09:16:48,628 [INFO] PluginManage:310 - Check plugin lpbam
2026-01-06 09:16:48,634 [INFO] PluginManage:359 - Loaded plugin lpbam (category:base,tabindex:0)
2026-01-06 09:16:48,635 [INFO] PluginManage:310 - Check plugin memorymap
2026-01-06 09:16:48,642 [INFO] PluginManage:359 - Loaded plugin memorymap (category:base,tabindex:4)
2026-01-06 09:16:48,643 [INFO] PluginManage:310 - Check plugin pinoutandconfiguration
2026-01-06 09:16:48,647 [INFO] PluginManage:359 - Loaded plugin pinoutandconfiguration (category:base,tabindex:1)
2026-01-06 09:16:48,647 [INFO] PluginManage:310 - Check plugin pinoutconfig
2026-01-06 09:16:48,703 [WARN] SupportedApi:132 - Cannot load RTOS API schema: s4s-elt-must-match.1: The content of 'definitions' must match (annotation?, (simpleType | complexType)?, (unique | key | keyref)*)). A problem was found starting at: attribute.
2026-01-06 09:16:48,819 [INFO] PluginManage:359 - Loaded plugin pinoutconfig (category:base,tabindex:0)
2026-01-06 09:16:48,819 [INFO] PluginManage:310 - Check plugin power
2026-01-06 09:16:48,824 [INFO] PluginManage:359 - Loaded plugin power (category:power,tabindex:4)
2026-01-06 09:16:48,824 [INFO] PluginManage:310 - Check plugin projectmanager
2026-01-06 09:16:48,838 [INFO] PluginManage:359 - Loaded plugin projectmanager (category:projectmanager,tabindex:4)
2026-01-06 09:16:48,838 [INFO] PluginManage:310 - Check plugin rif
2026-01-06 09:16:48,846 [INFO] PluginManage:359 - Loaded plugin rif (category:base,tabindex:3)
2026-01-06 09:16:48,847 [INFO] PluginManage:310 - Check plugin thirdparty
2026-01-06 09:16:48,979 [WARN] IntegrityCheckThread:84 - waiting for thirdparty lock release [integrity check]
2026-01-06 09:16:48,980 [INFO] PluginManage:359 - Loaded plugin thirdparty (category:base,tabindex:-1)
2026-01-06 09:16:48,980 [INFO] PluginManage:310 - Check plugin tools
2026-01-06 09:16:48,980 [INFO] IntegrityCheckThread:86 - entering critical section [integrity check]
2026-01-06 09:16:48,980 [INFO] ThirdPartyUpdaterWithRetryManager:70 - Updater plugin not ready yet. [1/15]
2026-01-06 09:16:48,982 [INFO] PluginManage:359 - Loaded plugin tools (category:base,tabindex:7)
2026-01-06 09:16:48,982 [INFO] PluginManage:310 - Check plugin tutovideos
2026-01-06 09:16:49,127 [INFO] PluginManage:359 - Loaded plugin tutovideos (category:base,tabindex:-1)
2026-01-06 09:16:49,128 [INFO] PluginManage:310 - Check plugin updater
2026-01-06 09:16:49,146 [INFO] PluginManage:359 - Loaded plugin updater (category:base,tabindex:12)
2026-01-06 09:16:49,146 [INFO] PluginManage:310 - Check plugin userauth
2026-01-06 09:16:49,149 [INFO] UserAuth:118 - Init User Auth plugin
2026-01-06 09:16:49,149 [INFO] PluginManage:359 - Loaded plugin userauth (category:base,tabindex:14)
2026-01-06 09:16:49,149 [INFO] PluginManage:283 - PluginManage : Loaded plugins [18]
2026-01-06 09:16:49,261 [INFO] PinOutPanel:1589 - setPackage(No Configuration,No Configuration)
2026-01-06 09:16:49,301 [INFO] CADModel:165 - CPN selected for project level
2026-01-06 09:16:49,301 [INFO] CADModel:114 - Register for checkConnection events
2026-01-06 09:16:49,310 [INFO] IPUIPlugin:80 - create IPUIPlugin
2026-01-06 09:16:49,310 [INFO] PluginManager:220 - loadIPPluginJar : add spi
2026-01-06 09:16:49,311 [INFO] IPUIPlugin:80 - create IPUIPlugin
2026-01-06 09:16:49,311 [INFO] PluginManager:220 - loadIPPluginJar : add ddr_ctrl_phy
2026-01-06 09:16:49,313 [INFO] IPUIPlugin:80 - create IPUIPlugin
2026-01-06 09:16:49,313 [INFO] PluginManager:220 - loadIPPluginJar : add fatfs
2026-01-06 09:16:49,314 [INFO] IPUIPlugin:80 - create IPUIPlugin
2026-01-06 09:16:49,315 [INFO] PluginManager:220 - loadIPPluginJar : add dma3
2026-01-06 09:16:49,316 [INFO] IPUIPlugin:80 - create IPUIPlugin
2026-01-06 09:16:49,316 [INFO] PluginManager:220 - loadIPPluginJar : add touchsensing
2026-01-06 09:16:49,317 [INFO] IPUIPlugin:80 - create IPUIPlugin
2026-01-06 09:16:49,317 [INFO] PluginManager:220 - loadIPPluginJar : add usart
2026-01-06 09:16:49,318 [INFO] IPUIPlugin:80 - create IPUIPlugin
2026-01-06 09:16:49,319 [INFO] PluginManager:220 - loadIPPluginJar : add cryp
2026-01-06 09:16:49,319 [INFO] IPUIPlugin:80 - create IPUIPlugin
2026-01-06 09:16:49,320 [INFO] PluginManager:220 - loadIPPluginJar : add i2s
2026-01-06 09:16:49,320 [INFO] IPUIPlugin:80 - create IPUIPlugin
2026-01-06 09:16:49,320 [INFO] PluginManager:220 - loadIPPluginJar : add ltdc
2026-01-06 09:16:49,321 [INFO] IPUIPlugin:80 - create IPUIPlugin
2026-01-06 09:16:49,321 [INFO] PluginManager:220 - loadIPPluginJar : add gfxmmu
2026-01-06 09:16:49,322 [INFO] IPUIPlugin:80 - create IPUIPlugin
2026-01-06 09:16:49,322 [INFO] PluginManager:220 - loadIPPluginJar : add dfsdm
2026-01-06 09:16:49,325 [INFO] IPUIPlugin:80 - create IPUIPlugin
2026-01-06 09:16:49,327 [INFO] PluginManager:220 - loadIPPluginJar : add plateformsettings
2026-01-06 09:16:49,328 [INFO] IPUIPlugin:80 - create IPUIPlugin
2026-01-06 09:16:49,329 [INFO] PluginManager:220 - loadIPPluginJar : add pdm2pcm
2026-01-06 09:16:49,332 [INFO] IPUIPlugin:80 - create IPUIPlugin
2026-01-06 09:16:49,332 [INFO] PluginManager:220 - loadIPPluginJar : add freertos
2026-01-06 09:16:49,333 [INFO] IPUIPlugin:80 - create IPUIPlugin
2026-01-06 09:16:49,333 [INFO] PluginManager:220 - loadIPPluginJar : add tim
2026-01-06 09:16:49,334 [INFO] IPUIPlugin:80 - create IPUIPlugin
2026-01-06 09:16:49,334 [INFO] PluginManager:220 - loadIPPluginJar : add ts
2026-01-06 09:16:49,335 [INFO] IPUIPlugin:80 - create IPUIPlugin
2026-01-06 09:16:49,335 [INFO] PluginManager:220 - loadIPPluginJar : add quadspi
2026-01-06 09:16:49,337 [INFO] IPUIPlugin:80 - create IPUIPlugin
2026-01-06 09:16:49,337 [INFO] PluginManager:220 - loadIPPluginJar : add comp
2026-01-06 09:16:49,340 [INFO] IPUIPlugin:80 - create IPUIPlugin
2026-01-06 09:16:49,340 [INFO] PluginManager:220 - loadIPPluginJar : add resmgrutility
2026-01-06 09:16:49,344 [INFO] IPUIPlugin:80 - create IPUIPlugin
2026-01-06 09:16:49,344 [INFO] PluginManager:220 - loadIPPluginJar : add mdma
2026-01-06 09:16:49,347 [INFO] IPUIPlugin:80 - create IPUIPlugin
2026-01-06 09:16:49,347 [INFO] PluginManager:220 - loadIPPluginJar : add gpio
2026-01-06 09:16:49,348 [INFO] IPUIPlugin:80 - create IPUIPlugin
2026-01-06 09:16:49,348 [INFO] PluginManager:220 - loadIPPluginJar : add tsc
2026-01-06 09:16:49,349 [INFO] IPUIPlugin:80 - create IPUIPlugin
2026-01-06 09:16:49,350 [INFO] PluginManager:220 - loadIPPluginJar : add extmemmanager
2026-01-06 09:16:49,351 [INFO] IPUIPlugin:80 - create IPUIPlugin
2026-01-06 09:16:49,351 [INFO] PluginManager:220 - loadIPPluginJar : add sai
2026-01-06 09:16:49,354 [INFO] IPUIPlugin:80 - create IPUIPlugin
2026-01-06 09:16:49,354 [INFO] PluginManager:220 - loadIPPluginJar : add i2c
2026-01-06 09:16:49,355 [INFO] IPUIPlugin:80 - create IPUIPlugin
2026-01-06 09:16:49,355 [INFO] PluginManager:220 - loadIPPluginJar : add ucpd
2026-01-06 09:16:49,356 [INFO] IPUIPlugin:80 - create IPUIPlugin
2026-01-06 09:16:49,356 [INFO] PluginManager:220 - loadIPPluginJar : add aes
2026-01-06 09:16:49,357 [INFO] IPUIPlugin:80 - create IPUIPlugin
2026-01-06 09:16:49,357 [INFO] PluginManager:220 - loadIPPluginJar : add tracer_emb
2026-01-06 09:16:49,358 [INFO] IPUIPlugin:80 - create IPUIPlugin
2026-01-06 09:16:49,358 [INFO] PluginManager:220 - loadIPPluginJar : add usbx
2026-01-06 09:16:49,360 [INFO] IPUIPlugin:80 - create IPUIPlugin
2026-01-06 09:16:49,360 [INFO] PluginManager:220 - loadIPPluginJar : add lorawan
2026-01-06 09:16:49,366 [INFO] IPUIPlugin:80 - create IPUIPlugin
2026-01-06 09:16:49,366 [INFO] PluginManager:220 - loadIPPluginJar : add linkedlist
2026-01-06 09:16:49,369 [INFO] IPUIPlugin:80 - create IPUIPlugin
2026-01-06 09:16:49,369 [INFO] PluginManager:220 - loadIPPluginJar : add fmc
2026-01-06 09:16:49,372 [INFO] IPUIPlugin:80 - create IPUIPlugin
2026-01-06 09:16:49,372 [INFO] PluginManager:220 - loadIPPluginJar : add opamp
2026-01-06 09:16:49,373 [INFO] IPUIPlugin:80 - create IPUIPlugin
2026-01-06 09:16:49,373 [INFO] PluginManager:220 - loadIPPluginJar : add genericplugin
2026-01-06 09:16:49,375 [INFO] IPUIPlugin:80 - create IPUIPlugin
2026-01-06 09:16:49,375 [INFO] PluginManager:220 - loadIPPluginJar : add nvic
2026-01-06 09:16:49,377 [INFO] IPUIPlugin:80 - create IPUIPlugin
2026-01-06 09:16:49,377 [INFO] PluginManager:220 - loadIPPluginJar : add ipddr
2026-01-06 09:16:49,379 [INFO] IPUIPlugin:80 - create IPUIPlugin
2026-01-06 09:16:49,379 [INFO] PluginManager:220 - loadIPPluginJar : add i3c
2026-01-06 09:16:49,381 [INFO] IPUIPlugin:80 - create IPUIPlugin
2026-01-06 09:16:49,381 [INFO] PluginManager:220 - loadIPPluginJar : add hash
2026-01-06 09:16:49,383 [INFO] IPUIPlugin:80 - create IPUIPlugin
2026-01-06 09:16:49,383 [INFO] PluginManager:220 - loadIPPluginJar : add gtzc
2026-01-06 09:16:49,384 [INFO] IPUIPlugin:80 - create IPUIPlugin
2026-01-06 09:16:49,384 [INFO] PluginManager:220 - loadIPPluginJar : add radio
2026-01-06 09:16:49,388 [INFO] IPUIPlugin:80 - create IPUIPlugin
2026-01-06 09:16:49,388 [INFO] PluginManager:220 - loadIPPluginJar : add gic
2026-01-06 09:16:49,392 [INFO] IPUIPlugin:80 - create IPUIPlugin
2026-01-06 09:16:49,393 [INFO] PluginManager:220 - loadIPPluginJar : add dma
2026-01-06 09:16:49,394 [INFO] IPUIPlugin:80 - create IPUIPlugin
2026-01-06 09:16:49,394 [INFO] PluginManager:220 - loadIPPluginJar : add can
2026-01-06 09:16:49,397 [INFO] IPUIPlugin:80 - create IPUIPlugin
2026-01-06 09:16:49,397 [INFO] PluginManager:220 - loadIPPluginJar : add openamp
2026-01-06 09:16:49,401 [INFO] IPUIPlugin:80 - create IPUIPlugin
2026-01-06 09:16:49,401 [INFO] PluginManager:220 - loadIPPluginJar : add stm32_wpan
2026-01-06 09:16:49,406 [INFO] IPUIPlugin:80 - create IPUIPlugin
2026-01-06 09:16:49,406 [INFO] PluginManager:220 - loadIPPluginJar : add adc
2026-01-06 09:16:49,498 [FATAL] Updater:351 - Updater called before beeing initialized
2026-01-06 09:16:49,514 [INFO] RulesReader:64 - Compatibility file has been processed (317 Rules)
2026-01-06 09:16:49,520 [INFO] RulesReader:64 - Compatibility file has been processed (317 Rules)
2026-01-06 09:16:49,524 [INFO] CADModel:165 - CPN selected for project level
2026-01-06 09:16:49,525 [INFO] CADModel:114 - Register for checkConnection events
2026-01-06 09:16:49,525 [FATAL] Updater:351 - Updater called before beeing initialized
2026-01-06 09:16:49,525 [ERROR] CADModel:125 - Updater not yet initialized, retry later 
2026-01-06 09:16:49,620 [FATAL] Updater:351 - Updater called before beeing initialized
2026-01-06 09:16:49,621 [INFO] CADModel:165 - CPN selected for project level
2026-01-06 09:16:49,621 [INFO] CADModel:114 - Register for checkConnection events
2026-01-06 09:16:49,621 [FATAL] Updater:351 - Updater called before beeing initialized
2026-01-06 09:16:49,621 [ERROR] CADModel:125 - Updater not yet initialized, retry later 
2026-01-06 09:16:49,624 [FATAL] Updater:351 - Updater called before beeing initialized
2026-01-06 09:16:49,693 [FATAL] Updater:351 - Updater called before beeing initialized
2026-01-06 09:16:49,696 [INFO] DbMcusAds:53 - JSON generation date=Mon Dec 15 18:11:46 PET 2025 (1765840306612)
2026-01-06 09:16:49,697 [FATAL] Updater:351 - Updater called before beeing initialized
2026-01-06 09:16:49,718 [WARN] DetailPanel:346 - Failed to get advertising image, set to default
2026-01-06 09:16:49,774 [FATAL] Updater:351 - Updater called before beeing initialized
2026-01-06 09:16:49,775 [FATAL] Updater:351 - Updater called before beeing initialized
2026-01-06 09:16:49,775 [FATAL] Updater:351 - Updater called before beeing initialized
2026-01-06 09:16:49,775 [WARN] DetailPanel:346 - Failed to get advertising image, set to default
2026-01-06 09:16:49,775 [FATAL] Updater:351 - Updater called before beeing initialized
2026-01-06 09:16:49,801 [ERROR] Updater:1198 - MainUpdater not yet initialized. External WinMGr cannot be set.
2026-01-06 09:16:49,803 [INFO] Updater:1134 - Updater Version found : 6.15.0
2026-01-06 09:16:49,823 [INFO] ApplicationProperties:184 - Using Application install path: /opt/st/stm32cubeide_1.18.1/../../../home/tecna-smart-lab/.eclipse/com.st.stm32cube.ide.mcu.rcp.product_1.18.1_139067097_linux_gtk_x86_64/plugins/com.st.stm32cube.common.mx_6.15.0.202507011659
2026-01-06 09:16:50,117 [INFO] MainUpdater:2872 - connection check result : 10
2026-01-06 09:16:50,118 [INFO] MainUpdater:289 - Updater Check For Update Now.
2026-01-06 09:16:50,118 [INFO] MicroXplorer:498 - Change Database Version : DB.6.0.150
2026-01-06 09:16:50,122 [INFO] McuFinderGlobals:63 - Set McuFinder mode to 2 (CubeIDE integrated)
2026-01-06 09:16:50,123 [INFO] UserAuth:487 - Internet connection configuration mode: 1
2026-01-06 09:16:50,136 [INFO] JxBrowserEngine:152 - Initiate JxBrowser Engine with user profile folder
2026-01-06 09:16:50,330 [INFO] CheckServerUpdateThread:120 - End of CheckServer Thread
2026-01-06 09:16:50,640 [INFO] WebApp:169 - Instantiating new browser for Auth
2026-01-06 09:16:51,161 [INFO] WebApp:463 - Apply proxy settings
2026-01-06 09:16:51,161 [INFO] WebApp:548 - Chromium requires no authentication
2026-01-06 09:16:51,172 [INFO] WebApp:491 - Direct internet connection detected
2026-01-06 09:16:51,190 [INFO] WebApp:900 - Register for checkConnection events
2026-01-06 09:16:51,190 [INFO] WebApp:463 - Apply proxy settings
2026-01-06 09:16:51,190 [INFO] WebApp:548 - Chromium requires no authentication
2026-01-06 09:16:51,191 [INFO] WebApp:491 - Direct internet connection detected
2026-01-06 09:16:51,303 [INFO] WebApp:225 - Starting web application
2026-01-06 09:16:51,303 [INFO] WebApp:593 - Web application path used /opt/st/stm32cubeide_1.18.1/../../../home/tecna-smart-lab/.eclipse/com.st.stm32cube.ide.mcu.rcp.product_1.18.1_139067097_linux_gtk_x86_64/plugins/com.st.stm32cube.common.mx_6.15.0.202507011659/db/plugins/mcufinder/reactClient1/index.html
2026-01-06 09:16:51,405 [INFO] UserAuth:487 - Internet connection configuration mode: 1
2026-01-06 09:16:51,443 [INFO] WebApp:191 - Connection restablished
2026-01-06 09:16:52,102 [WARN] PackLoader:240 - Cannot read IP mode file for STMicroelectronics.FP-SNS-MOTENVWB1.1.4.0
2026-01-06 09:16:52,106 [WARN] PackLoader:240 - Cannot read IP mode file for STMicroelectronics.FP-ATR-ASTRA1.2.0.2
2026-01-06 09:16:52,109 [WARN] PackLoader:240 - Cannot read IP mode file for STMicroelectronics.X-CUBE-SMBUS.2.1.0
2026-01-06 09:16:52,114 [WARN] PackLoader:240 - Cannot read IP mode file for STMicroelectronics.X-CUBE-ST60.1.0.0
2026-01-06 09:16:52,133 [WARN] PackLoader:240 - Cannot read IP mode file for STMicroelectronics.X-CUBE-AZRTOS-F7.1.1.0
2026-01-06 09:16:52,138 [WARN] PackLoader:240 - Cannot read IP mode file for STMicroelectronics.FP-SNS-MOTENV1.5.1.0
2026-01-06 09:16:52,169 [WARN] PackLoader:240 - Cannot read IP mode file for Infineon.AIROC-Wi-Fi-Bluetooth-STM32.1.7.0
2026-01-06 09:16:52,306 [WARN] PackLoader:240 - Cannot read IP mode file for STMicroelectronics.X-CUBE-AZRTOS-H7.3.4.0
2026-01-06 09:16:52,314 [WARN] PackLoader:240 - Cannot read IP mode file for STMicroelectronics.X-CUBE-DISPLAY.3.0.0
2026-01-06 09:16:52,344 [WARN] PackLoader:240 - Cannot read IP mode file for STMicroelectronics.X-CUBE-NFC10.1.0.0
2026-01-06 09:16:52,369 [WARN] PackLoader:240 - Cannot read IP mode file for STMicroelectronics.X-CUBE-BLEMGR.4.0.0
2026-01-06 09:16:52,373 [WARN] PackLoader:240 - Cannot read IP mode file for STMicroelectronics.X-CUBE-ST60.1.1.0
2026-01-06 09:16:52,375 [WARN] PackLoader:240 - Cannot read IP mode file for emotas.I-CUBE-CANOPEN.1.3.0
2026-01-06 09:16:52,379 [WARN] PackLoader:240 - Cannot read IP mode file for STMicroelectronics.X-CUBE-GNSS1.7.1.0
2026-01-06 09:16:52,383 [WARN] ConditionMgr:438 - getConditionDescription Invalid condition id : Cortex-A Device cause : null
2026-01-06 09:16:52,388 [WARN] ConditionMgr:1044 - genDependencies : Invalid condition id : Cortex-A Device cause : null
2026-01-06 09:16:52,388 [WARN] ConditionMgr:1044 - genDependencies : Invalid condition id : Cortex-A Device cause : null
2026-01-06 09:16:52,388 [WARN] ConditionMgr:1044 - genDependencies : Invalid condition id : Cortex-A Device cause : null
2026-01-06 09:16:52,390 [WARN] PackLoader:240 - Cannot read IP mode file for STMicroelectronics.X-CUBE-AI.10.0.0
2026-01-06 09:16:52,396 [WARN] PackLoader:240 - Cannot read IP mode file for STMicroelectronics.FP-SNS-STBOX1.2.1.0
2026-01-06 09:16:52,401 [WARN] PackLoader:240 - Cannot read IP mode file for STMicroelectronics.FP-SNS-SMARTAG2.1.2.0
2026-01-06 09:16:52,402 [WARN] PackLoader:240 - Cannot read IP mode file for STMicroelectronics.FP-SNS-FLIGHT1.5.1.0
2026-01-06 09:16:52,407 [INFO] LogOutputStream:77 - [STDOUT_REDIRECT] 1 : Invalid condition id : UX_CORESTACK_Condition cause : null
2026-01-06 09:16:52,407 [INFO] LogOutputStream:77 - [STDOUT_REDIRECT] 1 : Invalid condition id : UX_CORESTACK_Condition cause : null
2026-01-06 09:16:52,407 [INFO] LogOutputStream:77 - [STDOUT_REDIRECT] 1 : Invalid condition id : UX_CORESTACK_Condition cause : null
2026-01-06 09:16:52,407 [INFO] LogOutputStream:77 - [STDOUT_REDIRECT] 1 : Invalid condition id : UX_CORESTACK_Condition cause : null
2026-01-06 09:16:52,407 [INFO] LogOutputStream:77 - [STDOUT_REDIRECT] 1 : Invalid condition id : UX_CORESTACK_Condition cause : null
2026-01-06 09:16:52,409 [WARN] PackLoader:240 - Cannot read IP mode file for STMicroelectronics.X-CUBE-AZRTOS-WL.2.0.0
2026-01-06 09:16:52,413 [WARN] PackLoader:240 - Cannot read IP mode file for STMicroelectronics.FP-SNS-MOTENV1.5.0.0
2026-01-06 09:16:52,429 [WARN] PackLoader:240 - Cannot read IP mode file for STMicroelectronics.X-CUBE-AZRTOS-H7RS.1.2.0
2026-01-06 09:16:52,437 [WARN] PackLoader:240 - Cannot read IP mode file for WES.I-CUBE-Cesium.1.3.0
2026-01-06 09:16:52,440 [WARN] PackLoader:240 - Cannot read IP mode file for STMicroelectronics.X-CUBE-BLE2.3.3.0
2026-01-06 09:16:52,451 [WARN] PackLoader:240 - Cannot read IP mode file for STMicroelectronics.X-CUBE-NFC9.1.0.0
2026-01-06 09:16:52,474 [WARN] PackLoader:240 - Cannot read IP mode file for STMicroelectronics.X-CUBE-BLE1.7.1.0
2026-01-06 09:16:52,476 [WARN] PackLoader:240 - Cannot read IP mode file for wolfSSL.I-CUBE-wolfMQTT.1.19.2
2026-01-06 09:16:52,480 [WARN] PackLoader:240 - Cannot read IP mode file for STMicroelectronics.X-CUBE-FREERTOS.1.4.0
2026-01-06 09:16:52,484 [WARN] PackLoader:240 - Cannot read IP mode file for STMicroelectronics.X-CUBE-EEPRMA1.5.2.0
2026-01-06 09:16:52,487 [WARN] PackLoader:240 - Cannot read IP mode file for STMicroelectronics.X-CUBE-ST67W61.1.1.0
2026-01-06 09:16:52,489 [WARN] PackLoader:240 - Cannot read IP mode file for STMicroelectronics.X-CUBE-AI.10.1.0
2026-01-06 09:16:52,517 [WARN] PackLoader:240 - Cannot read IP mode file for STMicroelectronics.X-CUBE-MEMS1.12.0.0
2026-01-06 09:16:52,600 [WARN] PackLoader:240 - Cannot read IP mode file for STMicroelectronics.X-CUBE-MEMS1.11.2.0
2026-01-06 09:16:52,693 [WARN] PackLoader:240 - Cannot read IP mode file for STMicroelectronics.X-CUBE-AZRTOS-G0.1.1.0
2026-01-06 09:16:52,700 [WARN] PackLoader:240 - Cannot read IP mode file for STMicroelectronics.X-CUBE-SAFEA1.1.2.2
2026-01-06 09:16:52,704 [WARN] PackLoader:240 - Cannot read IP mode file for STMicroelectronics.X-CUBE-NFC4.3.0.0
2026-01-06 09:16:52,729 [WARN] PackLoader:240 - Cannot read IP mode file for EmbeddedOffice.I-CUBE-FS-RTOS.1.0.1
2026-01-06 09:16:52,733 [WARN] PackLoader:240 - Cannot read IP mode file for STMicroelectronics.X-CUBE-WB05N.2.0.0
2026-01-06 09:16:52,735 [WARN] PackLoader:240 - Cannot read IP mode file for wolfSSL.I-CUBE-wolfTPM.3.8.0
2026-01-06 09:16:52,737 [WARN] PackLoader:240 - Cannot read IP mode file for STMicroelectronics.X-CUBE-TCPP.4.2.0
2026-01-06 09:16:52,740 [WARN] PackLoader:240 - Cannot read IP mode file for RealThread.X-CUBE-RT-Thread_Nano.4.1.1
2026-01-06 09:16:52,757 [WARN] PackLoader:240 - Cannot read IP mode file for STMicroelectronics.FP-ATR-SIGFOX1.3.2.0
2026-01-06 09:16:52,761 [WARN] PackLoader:240 - Cannot read IP mode file for STMicroelectronics.X-CUBE-EEPRMA1.5.1.0
2026-01-06 09:16:52,767 [WARN] PackLoader:240 - Cannot read IP mode file for wolfSSL.I-CUBE-wolfSSL.5.7.6
2026-01-06 09:16:52,769 [WARN] PackLoader:240 - Cannot read IP mode file for ITTIA_DB.I-CUBE-ITTIADB.8.9.0
2026-01-06 09:16:52,771 [WARN] PackLoader:240 - Cannot read IP mode file for STMicroelectronics.X-CUBE-ST67W61.1.0.0
2026-01-06 09:16:52,772 [WARN] PackLoader:240 - Cannot read IP mode file for STMicroelectronics.X-CUBE-AI.10.2.0
2026-01-06 09:16:52,803 [WARN] PackLoader:240 - Cannot read IP mode file for SEGGER.I-CUBE-embOS.1.3.1
2026-01-06 09:16:52,883 [WARN] PackLoader:240 - Cannot read IP mode file for STMicroelectronics.X-CUBE-ALGOBUILD.1.4.0
2026-01-06 09:16:52,929 [WARN] PackLoader:240 - Cannot read IP mode file for STMicroelectronics.X-CUBE-MEMS1.11.3.0
2026-01-06 09:16:53,034 [WARN] PackLoader:240 - Cannot read IP mode file for STMicroelectronics.X-CUBE-PM33A1.1.0.0
2026-01-06 09:16:53,047 [WARN] PackLoader:240 - Cannot read IP mode file for STMicroelectronics.X-CUBE-AZRTOS-F4.1.1.0
2026-01-06 09:16:53,125 [WARN] PackLoader:240 - Cannot read IP mode file for Avnet-IotConnect.X-CUBE-IoTC-DA16k-PMOD.1.0.0
2026-01-06 09:16:53,128 [WARN] PackLoader:240 - Cannot read IP mode file for STMicroelectronics.X-CUBE-ISPU.2.1.0
2026-01-06 09:16:53,137 [WARN] PackLoader:240 - Cannot read IP mode file for STMicroelectronics.X-CUBE-IPS.3.2.0
2026-01-06 09:16:53,141 [WARN] PackLoader:240 - Cannot read IP mode file for STMicroelectronics.X-CUBE-NFC12.1.0.0
2026-01-06 09:16:53,172 [WARN] PackLoader:240 - Cannot read IP mode file for STMicroelectronics.X-CUBE-AZRTOS-L5.2.0.0
2026-01-06 09:16:53,180 [WARN] PackLoader:240 - Cannot read IP mode file for STMicroelectronics.X-CUBE-NFC6.3.1.0
2026-01-06 09:16:53,214 [WARN] PackLoader:240 - Cannot read IP mode file for STMicroelectronics.X-CUBE-FREERTOS.1.3.1
2026-01-06 09:16:53,236 [WARN] PackLoader:240 - Cannot read IP mode file for STMicroelectronics.X-CUBE-FREERTOS.1.3.0
2026-01-06 09:16:53,249 [WARN] PackLoader:240 - Cannot read IP mode file for STMicroelectronics.X-CUBE-NFC7.1.0.1
2026-01-06 09:16:53,253 [WARN] PackLoader:240 - Cannot read IP mode file for STMicroelectronics.X-CUBE-TOUCHGFX.4.26.0
2026-01-06 09:16:53,255 [WARN] PackLoader:240 - Cannot read IP mode file for STMicroelectronics.FP-SNS-STAIOTCFT.1.0.0
2026-01-06 09:16:53,258 [WARN] PackLoader:240 - Cannot read IP mode file for STMicroelectronics.X-CUBE-DPower.1.3.0
2026-01-06 09:16:53,270 [WARN] ConditionMgr:438 - getConditionDescription Invalid condition id : LAN8742 Phy interface Condition cause : null
2026-01-06 09:16:53,271 [WARN] PackLoader:240 - Cannot read IP mode file for STMicroelectronics.X-CUBE-AZRTOS-L4.2.0.0
2026-01-06 09:16:53,272 [WARN] ConditionMgr:1044 - genDependencies : Invalid condition id : LAN8742 Phy interface Condition cause : null
2026-01-06 09:16:53,272 [WARN] ConditionMgr:1044 - genDependencies : Invalid condition id : LAN8742 Phy interface Condition cause : null
2026-01-06 09:16:53,273 [WARN] ConditionMgr:1044 - genDependencies : Invalid condition id : LAN8742 Phy interface Condition cause : null
2026-01-06 09:16:53,275 [WARN] PackLoader:240 - Cannot read IP mode file for STMicroelectronics.X-CUBE-SFXS2LP1.4.0.0
2026-01-06 09:16:53,290 [WARN] PackLoader:240 - Cannot read IP mode file for STMicroelectronics.X-CUBE-AZRTOS-H7.3.3.0
2026-01-06 09:16:53,346 [WARN] PackLoader:240 - Cannot read IP mode file for STMicroelectronics.X-CUBE-BLEMGR.4.1.0
2026-01-06 09:16:53,356 [WARN] ConditionMgr:438 - getConditionDescription Invalid condition id : UX DEVICE CLASS RTOS Condition cause : null
2026-01-06 09:16:53,357 [WARN] ConditionMgr:438 - getConditionDescription Invalid condition id : UX DEVICE CLASS RTOS Condition cause : null
2026-01-06 09:16:53,358 [WARN] PackLoader:240 - Cannot read IP mode file for STMicroelectronics.X-CUBE-AZRTOS-WB.2.0.0
2026-01-06 09:16:53,359 [WARN] ConditionMgr:1044 - genDependencies : Invalid condition id : UX DEVICE CLASS RTOS Condition cause : null
2026-01-06 09:16:53,359 [WARN] ConditionMgr:1044 - genDependencies : Invalid condition id : UX DEVICE CLASS RTOS Condition cause : null
2026-01-06 09:16:53,359 [WARN] ConditionMgr:1044 - genDependencies : Invalid condition id : UX DEVICE CLASS RTOS Condition cause : null
2026-01-06 09:16:53,359 [WARN] ConditionMgr:1044 - genDependencies : Invalid condition id : UX DEVICE CLASS RTOS Condition cause : null
2026-01-06 09:16:53,359 [WARN] ConditionMgr:1044 - genDependencies : Invalid condition id : UX DEVICE CLASS RTOS Condition cause : null
2026-01-06 09:16:53,362 [WARN] ConditionMgr:438 - getConditionDescription Invalid condition id : UX DEVICE CLASS RTOS Condition cause : null
2026-01-06 09:16:53,363 [WARN] ConditionMgr:438 - getConditionDescription Invalid condition id : UX DEVICE CLASS RTOS Condition cause : null
2026-01-06 09:16:53,400 [WARN] PackLoader:240 - Cannot read IP mode file for STMicroelectronics.X-CUBE-GNSS1.7.0.1
2026-01-06 09:16:53,411 [WARN] PackLoader:240 - Cannot read IP mode file for STMicroelectronics.X-CUBE-TOUCHGFX.4.25.0
2026-01-06 09:16:53,414 [WARN] PackLoader:240 - Cannot read IP mode file for STMicroelectronics.FP-SNS-STBOX1.2.0.0
2026-01-06 09:16:53,419 [WARN] PackLoader:240 - Cannot read IP mode file for STMicroelectronics.X-CUBE-SUBG2.5.0.0
2026-01-06 09:16:53,428 [WARN] PackLoader:240 - Cannot read IP mode file for STMicroelectronics.X-CUBE-AZRTOS-H7RS.1.1.0
2026-01-06 09:16:53,432 [WARN] PackLoader:240 - Cannot read IP mode file for Cesanta.I-CUBE-Mongoose.7.13.0
2026-01-06 09:16:53,452 [WARN] PackLoader:240 - Cannot read IP mode file for STMicroelectronics.X-CUBE-AZRTOS-G4.2.0.0
2026-01-06 09:16:53,537 [WARN] PackLoader:240 - Cannot read IP mode file for wolfSSL.I-CUBE-wolfSSH.1.4.20
2026-01-06 09:16:53,540 [WARN] PackLoader:240 - Cannot read IP mode file for STMicroelectronics.X-CUBE-NFC7.2.0.0
2026-01-06 09:16:53,566 [WARN] PackLoader:240 - Cannot read IP mode file for STMicroelectronics.X-CUBE-IPS.3.1.0
2026-01-06 09:16:53,572 [WARN] PackLoader:240 - Cannot read IP mode file for STMicroelectronics.X-CUBE-ALS.1.0.2
2026-01-06 09:16:53,577 [WARN] PackLoader:240 - Cannot read IP mode file for STMicroelectronics.X-CUBE-STSE01.1.0.0
2026-01-06 09:16:53,582 [WARN] PackLoader:240 - Cannot read IP mode file for portGmbH.I-Cube-SoM-uGOAL.1.1.0
2026-01-06 09:16:53,597 [WARN] PackLoader:240 - Cannot read IP mode file for STMicroelectronics.X-CUBE-TOF1.3.4.3
2026-01-06 09:16:53,606 [INFO] ThirdParty:978 - Integrity check success = true
2026-01-06 09:16:53,606 [INFO] IntegrityCheckThread:100 - exiting critical section [integrity check]
2026-01-06 09:16:53,606 [INFO] IntegrityCheckThread:103 - End integrity checks thread
2026-01-06 11:31:52,204 [ERROR] LogOutputStream:75 - [STDERR_REDIRECT] 
