2026-01-22 08:35:40,177 [INFO] Activator:176 - 


2026-01-22 08:35:40,185 [INFO] Activator:177 - !SESSION log4j initialized
2026-01-22 08:35:45,849 [INFO] LogOutputStream:77 - [STDOUT_REDIRECT] 
2026-01-22 08:35:48,418 [INFO] ApplicationProperties:184 - Using Application install path: /opt/st/stm32cubeide_1.18.1/../../../home/tecna-smart-lab/.eclipse/com.st.stm32cube.ide.mcu.rcp.product_1.18.1_139067097_linux_gtk_x86_64/plugins/com.st.stm32cube.common.mx_6.15.0.202507011659
2026-01-22 08:35:48,458 [INFO] DbMcusXml:78 - Set database path to: /opt/st/stm32cubeide_1.18.1/../../../home/tecna-smart-lab/.eclipse/com.st.stm32cube.ide.mcu.rcp.product_1.18.1_139067097_linux_gtk_x86_64/plugins/com.st.stm32cube.common.mx_6.15.0.202507011659//db//mcu/
2026-01-22 08:35:48,459 [INFO] ApiDb:274 - Set plugin database path to: /opt/st/stm32cubeide_1.18.1/../../../home/tecna-smart-lab/.eclipse/com.st.stm32cube.ide.mcu.rcp.product_1.18.1_139067097_linux_gtk_x86_64/plugins/com.st.stm32cube.common.mx_6.15.0.202507011659//db//plugins/boardmanager/
2026-01-22 08:35:48,459 [WARN] ApiDb:259 - Overriding images path with different value:  => /opt/st/stm32cubeide_1.18.1/../../../home/tecna-smart-lab/.eclipse/com.st.stm32cube.ide.mcu.rcp.product_1.18.1_139067097_linux_gtk_x86_64/plugins/com.st.stm32cube.common.mx_6.15.0.202507011659//db//plugins/mcufinder/images/
2026-01-22 08:35:48,469 [INFO] ApiDb:250 - Set database path to: /home/tecna-smart-lab/.stmcufinder/plugins/mcufinder//mcu/
2026-01-22 08:35:48,473 [INFO] DbMcusAds:125 - Set database path to: /home/tecna-smart-lab/.stmcufinder/plugins/mcufinder//mcu/
2026-01-22 08:35:48,477 [INFO] CrossReferenceDbSqlite:203 - Set database path to: /home/tecna-smart-lab/.stmcufinder/plugins/mcufinder//mcu/cs/
2026-01-22 08:35:48,787 [INFO] RulesReader:64 - Compatibility file has been processed (317 Rules)
2026-01-22 08:35:48,918 [INFO] DbMcusXml:78 - Set database path to: /opt/st/stm32cubeide_1.18.1/../../../home/tecna-smart-lab/.eclipse/com.st.stm32cube.ide.mcu.rcp.product_1.18.1_139067097_linux_gtk_x86_64/plugins/com.st.stm32cube.common.mx_6.15.0.202507011659//db//mcu/
2026-01-22 08:35:48,918 [INFO] ApiDb:274 - Set plugin database path to: /opt/st/stm32cubeide_1.18.1/../../../home/tecna-smart-lab/.eclipse/com.st.stm32cube.ide.mcu.rcp.product_1.18.1_139067097_linux_gtk_x86_64/plugins/com.st.stm32cube.common.mx_6.15.0.202507011659//db//plugins/boardmanager/
2026-01-22 08:35:48,918 [INFO] ApiDb:261 - Set plugin images path to: /opt/st/stm32cubeide_1.18.1/../../../home/tecna-smart-lab/.eclipse/com.st.stm32cube.ide.mcu.rcp.product_1.18.1_139067097_linux_gtk_x86_64/plugins/com.st.stm32cube.common.mx_6.15.0.202507011659//db//plugins/mcufinder/images/
2026-01-22 08:35:48,919 [WARN] DbFile:41 - Overriding database path with different value: /home/tecna-smart-lab/.stmcufinder/plugins/mcufinder/ => /home/tecna-smart-lab/.stmcufinder/plugins/mcufinder
2026-01-22 08:35:48,919 [INFO] ApiDb:250 - Set database path to: /home/tecna-smart-lab/.stmcufinder/plugins/mcufinder//mcu/
2026-01-22 08:35:48,919 [WARN] DbFile:41 - Overriding database path with different value: /home/tecna-smart-lab/.stmcufinder/plugins/mcufinder/ => /home/tecna-smart-lab/.stmcufinder/plugins/mcufinder
2026-01-22 08:35:48,919 [INFO] DbMcusAds:125 - Set database path to: /home/tecna-smart-lab/.stmcufinder/plugins/mcufinder//mcu/
2026-01-22 08:35:48,919 [WARN] DbFile:41 - Overriding database path with different value: /home/tecna-smart-lab/.stmcufinder/plugins/mcufinder/ => /home/tecna-smart-lab/.stmcufinder/plugins/mcufinder
2026-01-22 08:35:48,919 [WARN] DbFile:41 - Overriding database path with different value: /home/tecna-smart-lab/.stmcufinder/plugins/mcufinder/ => /home/tecna-smart-lab/.stmcufinder/plugins/mcufinder
2026-01-22 08:35:48,919 [INFO] CrossReferenceDbSqlite:203 - Set database path to: /home/tecna-smart-lab/.stmcufinder/plugins/mcufinder//mcu/cs/
2026-01-22 08:35:49,042 [INFO] MainPanel:274 - HeapMemory: 268435456
2026-01-22 08:35:49,312 [INFO] DbMcusXml:78 - Set database path to: /opt/st/stm32cubeide_1.18.1/../../../home/tecna-smart-lab/.eclipse/com.st.stm32cube.ide.mcu.rcp.product_1.18.1_139067097_linux_gtk_x86_64/plugins/com.st.stm32cube.common.mx_6.15.0.202507011659//db//mcu/
2026-01-22 08:35:49,312 [INFO] ApiDb:274 - Set plugin database path to: /opt/st/stm32cubeide_1.18.1/../../../home/tecna-smart-lab/.eclipse/com.st.stm32cube.ide.mcu.rcp.product_1.18.1_139067097_linux_gtk_x86_64/plugins/com.st.stm32cube.common.mx_6.15.0.202507011659//db//plugins/boardmanager/
2026-01-22 08:35:49,312 [INFO] ApiDb:261 - Set plugin images path to: /opt/st/stm32cubeide_1.18.1/../../../home/tecna-smart-lab/.eclipse/com.st.stm32cube.ide.mcu.rcp.product_1.18.1_139067097_linux_gtk_x86_64/plugins/com.st.stm32cube.common.mx_6.15.0.202507011659//db//plugins/mcufinder/images/
2026-01-22 08:35:49,313 [WARN] DbFile:41 - Overriding database path with different value: /home/tecna-smart-lab/.stmcufinder/plugins/mcufinder/ => /home/tecna-smart-lab/.stmcufinder/plugins/mcufinder
2026-01-22 08:35:49,313 [INFO] ApiDb:250 - Set database path to: /home/tecna-smart-lab/.stmcufinder/plugins/mcufinder//mcu/
2026-01-22 08:35:49,314 [WARN] DbFile:41 - Overriding database path with different value: /home/tecna-smart-lab/.stmcufinder/plugins/mcufinder/ => /home/tecna-smart-lab/.stmcufinder/plugins/mcufinder
2026-01-22 08:35:49,314 [INFO] DbMcusAds:125 - Set database path to: /home/tecna-smart-lab/.stmcufinder/plugins/mcufinder//mcu/
2026-01-22 08:35:49,314 [WARN] DbFile:41 - Overriding database path with different value: /home/tecna-smart-lab/.stmcufinder/plugins/mcufinder/ => /home/tecna-smart-lab/.stmcufinder/plugins/mcufinder
2026-01-22 08:35:49,314 [WARN] DbFile:41 - Overriding database path with different value: /home/tecna-smart-lab/.stmcufinder/plugins/mcufinder/ => /home/tecna-smart-lab/.stmcufinder/plugins/mcufinder
2026-01-22 08:35:49,315 [INFO] CrossReferenceDbSqlite:203 - Set database path to: /home/tecna-smart-lab/.stmcufinder/plugins/mcufinder//mcu/cs/
2026-01-22 08:35:49,349 [INFO] ApplicationProperties:184 - Using Application install path: /opt/st/stm32cubeide_1.18.1/../../../home/tecna-smart-lab/.eclipse/com.st.stm32cube.ide.mcu.rcp.product_1.18.1_139067097_linux_gtk_x86_64/plugins/com.st.stm32cube.common.mx_6.15.0.202507011659
2026-01-22 08:35:49,353 [INFO] PluginManage:196 - Search for loadable plugins [exclusion list=, ]
2026-01-22 08:35:49,355 [INFO] PluginManage:310 - Check plugin analytics
2026-01-22 08:35:49,745 [INFO] AnalyticsPlugin:253 - Accepted Software Licenses: STM32CubeMX.6.15.0
2026-01-22 08:35:49,745 [INFO] AnalyticsPlugin:255 - Accepted CMSIS Pack Licenses: STMicroelectronics.X-CUBE-FREERTOS.1.3.0,STMicroelectronics.X-CUBE-GNSS1.7.0.1,STMicroelectronics.X-CUBE-AZRTOS-H7.3.3.0,portGmbH.I-Cube-SoM-uGOAL.1.1.0,STMicroelectronics.X-CUBE-AZRTOS-G4.2.0.0,STMicroelectronics.X-CUBE-FREERTOS.1.3.1,STMicroelectronics.X-CUBE-NFC6.3.1.0,STMicroelectronics.X-CUBE-NFC4.3.0.0,STMicroelectronics.X-CUBE-NFC7.2.0.0,STMicroelectronics.X-CUBE-NFC9.1.0.0,STMicroelectronics.X-CUBE-NFC12.1.0.0,STMicroelectronics.X-CUBE-NFC10.1.0.0,RealThread.X-CUBE-RT-Thread_Nano.4.1.1,STMicroelectronics.X-CUBE-AZRTOS-F4.1.1.0,STMicroelectronics.X-CUBE-DISPLAY.3.0.0,Infineon.AIROC-Wi-Fi-Bluetooth-STM32.1.7.0,Cesanta.I-CUBE-Mongoose.7.13.0,STMicroelectronics.X-CUBE-AZRTOS-WB.2.0.0,STMicroelectronics.X-CUBE-EEPRMA1.5.2.0
2026-01-22 08:35:49,746 [INFO] AnalyticsPlugin:257 - Accepted Firmware Licenses: FW.U5.1.7.0,FW.G0.1.6.0,FW.H7.1.12.0,FW.C0.1.4.0,FW.F4.1.28.0,FW.G4.1.6.0,FW.U5.1.8.0,FW.WL.1.3.0,FW.H5.1.5.0
2026-01-22 08:35:49,753 [INFO] PluginManage:359 - Loaded plugin analytics (category:tool,tabindex:-1)
2026-01-22 08:35:49,753 [INFO] PluginManage:310 - Check plugin cadmodel
2026-01-22 08:35:49,764 [INFO] CADModel:105 - Init CAD model plugin
2026-01-22 08:35:49,765 [INFO] PluginManage:359 - Loaded plugin cadmodel (category:power,tabindex:5)
2026-01-22 08:35:49,765 [INFO] PluginManage:310 - Check plugin clock
2026-01-22 08:35:49,785 [INFO] PluginManage:359 - Loaded plugin clock (category:base,tabindex:2)
2026-01-22 08:35:49,786 [INFO] PluginManage:310 - Check plugin ddr
2026-01-22 08:35:49,794 [INFO] PluginManage:359 - Loaded plugin ddr (category:tool,tabindex:6)
2026-01-22 08:35:49,794 [INFO] PluginManage:310 - Check plugin filemanager
2026-01-22 08:35:50,182 [INFO] PluginManage:359 - Loaded plugin filemanager (category:base,tabindex:10)
2026-01-22 08:35:50,182 [INFO] PluginManage:310 - Check plugin ipmanager
2026-01-22 08:35:50,196 [INFO] PluginManage:359 - Loaded plugin ipmanager (category:base,tabindex:5)
2026-01-22 08:35:50,196 [INFO] PluginManage:310 - Check plugin lpbam
2026-01-22 08:35:50,219 [INFO] PluginManage:359 - Loaded plugin lpbam (category:base,tabindex:0)
2026-01-22 08:35:50,220 [INFO] PluginManage:310 - Check plugin memorymap
2026-01-22 08:35:50,258 [INFO] PluginManage:359 - Loaded plugin memorymap (category:base,tabindex:4)
2026-01-22 08:35:50,259 [INFO] PluginManage:310 - Check plugin pinoutandconfiguration
2026-01-22 08:35:50,284 [INFO] PluginManage:359 - Loaded plugin pinoutandconfiguration (category:base,tabindex:1)
2026-01-22 08:35:50,285 [INFO] PluginManage:310 - Check plugin pinoutconfig
2026-01-22 08:35:50,582 [WARN] SupportedApi:132 - Cannot load RTOS API schema: s4s-elt-must-match.1: The content of 'definitions' must match (annotation?, (simpleType | complexType)?, (unique | key | keyref)*)). A problem was found starting at: attribute.
2026-01-22 08:35:51,069 [INFO] PluginManage:359 - Loaded plugin pinoutconfig (category:base,tabindex:0)
2026-01-22 08:35:51,070 [INFO] PluginManage:310 - Check plugin power
2026-01-22 08:35:51,105 [INFO] PluginManage:359 - Loaded plugin power (category:power,tabindex:4)
2026-01-22 08:35:51,105 [INFO] PluginManage:310 - Check plugin projectmanager
2026-01-22 08:35:51,133 [INFO] PluginManage:359 - Loaded plugin projectmanager (category:projectmanager,tabindex:4)
2026-01-22 08:35:51,133 [INFO] PluginManage:310 - Check plugin rif
2026-01-22 08:35:51,148 [INFO] PluginManage:359 - Loaded plugin rif (category:base,tabindex:3)
2026-01-22 08:35:51,149 [INFO] PluginManage:310 - Check plugin thirdparty
2026-01-22 08:35:51,402 [INFO] PluginManage:359 - Loaded plugin thirdparty (category:base,tabindex:-1)
2026-01-22 08:35:51,403 [INFO] PluginManage:310 - Check plugin tools
2026-01-22 08:35:51,402 [WARN] IntegrityCheckThread:84 - waiting for thirdparty lock release [integrity check]
2026-01-22 08:35:51,403 [INFO] IntegrityCheckThread:86 - entering critical section [integrity check]
2026-01-22 08:35:51,404 [INFO] ThirdPartyUpdaterWithRetryManager:70 - Updater plugin not ready yet. [1/15]
2026-01-22 08:35:51,405 [INFO] PluginManage:359 - Loaded plugin tools (category:base,tabindex:7)
2026-01-22 08:35:51,406 [INFO] PluginManage:310 - Check plugin tutovideos
2026-01-22 08:35:51,621 [INFO] PluginManage:359 - Loaded plugin tutovideos (category:base,tabindex:-1)
2026-01-22 08:35:51,621 [INFO] PluginManage:310 - Check plugin updater
2026-01-22 08:35:51,648 [INFO] PluginManage:359 - Loaded plugin updater (category:base,tabindex:12)
2026-01-22 08:35:51,648 [INFO] PluginManage:310 - Check plugin userauth
2026-01-22 08:35:51,653 [INFO] UserAuth:118 - Init User Auth plugin
2026-01-22 08:35:51,655 [INFO] PluginManage:359 - Loaded plugin userauth (category:base,tabindex:14)
2026-01-22 08:35:51,655 [INFO] PluginManage:283 - PluginManage : Loaded plugins [18]
2026-01-22 08:35:51,912 [INFO] PinOutPanel:1589 - setPackage(No Configuration,No Configuration)
2026-01-22 08:35:51,993 [INFO] CADModel:165 - CPN selected for project level
2026-01-22 08:35:51,993 [INFO] CADModel:114 - Register for checkConnection events
2026-01-22 08:35:52,008 [INFO] IPUIPlugin:80 - create IPUIPlugin
2026-01-22 08:35:52,008 [INFO] PluginManager:220 - loadIPPluginJar : add spi
2026-01-22 08:35:52,012 [INFO] IPUIPlugin:80 - create IPUIPlugin
2026-01-22 08:35:52,012 [INFO] PluginManager:220 - loadIPPluginJar : add ddr_ctrl_phy
2026-01-22 08:35:52,016 [INFO] IPUIPlugin:80 - create IPUIPlugin
2026-01-22 08:35:52,016 [INFO] PluginManager:220 - loadIPPluginJar : add fatfs
2026-01-22 08:35:52,025 [INFO] IPUIPlugin:80 - create IPUIPlugin
2026-01-22 08:35:52,026 [INFO] PluginManager:220 - loadIPPluginJar : add dma3
2026-01-22 08:35:52,034 [INFO] IPUIPlugin:80 - create IPUIPlugin
2026-01-22 08:35:52,034 [INFO] PluginManager:220 - loadIPPluginJar : add touchsensing
2026-01-22 08:35:52,039 [INFO] IPUIPlugin:80 - create IPUIPlugin
2026-01-22 08:35:52,039 [INFO] PluginManager:220 - loadIPPluginJar : add usart
2026-01-22 08:35:52,043 [INFO] IPUIPlugin:80 - create IPUIPlugin
2026-01-22 08:35:52,043 [INFO] PluginManager:220 - loadIPPluginJar : add cryp
2026-01-22 08:35:52,045 [INFO] IPUIPlugin:80 - create IPUIPlugin
2026-01-22 08:35:52,046 [INFO] PluginManager:220 - loadIPPluginJar : add i2s
2026-01-22 08:35:52,047 [INFO] IPUIPlugin:80 - create IPUIPlugin
2026-01-22 08:35:52,047 [INFO] PluginManager:220 - loadIPPluginJar : add ltdc
2026-01-22 08:35:52,050 [INFO] IPUIPlugin:80 - create IPUIPlugin
2026-01-22 08:35:52,050 [INFO] PluginManager:220 - loadIPPluginJar : add gfxmmu
2026-01-22 08:35:52,053 [INFO] IPUIPlugin:80 - create IPUIPlugin
2026-01-22 08:35:52,053 [INFO] PluginManager:220 - loadIPPluginJar : add dfsdm
2026-01-22 08:35:52,062 [INFO] IPUIPlugin:80 - create IPUIPlugin
2026-01-22 08:35:52,066 [INFO] PluginManager:220 - loadIPPluginJar : add plateformsettings
2026-01-22 08:35:52,069 [INFO] IPUIPlugin:80 - create IPUIPlugin
2026-01-22 08:35:52,069 [INFO] PluginManager:220 - loadIPPluginJar : add pdm2pcm
2026-01-22 08:35:52,076 [INFO] IPUIPlugin:80 - create IPUIPlugin
2026-01-22 08:35:52,077 [INFO] PluginManager:220 - loadIPPluginJar : add freertos
2026-01-22 08:35:52,079 [INFO] IPUIPlugin:80 - create IPUIPlugin
2026-01-22 08:35:52,079 [INFO] PluginManager:220 - loadIPPluginJar : add tim
2026-01-22 08:35:52,081 [INFO] IPUIPlugin:80 - create IPUIPlugin
2026-01-22 08:35:52,081 [INFO] PluginManager:220 - loadIPPluginJar : add ts
2026-01-22 08:35:52,083 [INFO] IPUIPlugin:80 - create IPUIPlugin
2026-01-22 08:35:52,083 [INFO] PluginManager:220 - loadIPPluginJar : add quadspi
2026-01-22 08:35:52,085 [INFO] IPUIPlugin:80 - create IPUIPlugin
2026-01-22 08:35:52,085 [INFO] PluginManager:220 - loadIPPluginJar : add comp
2026-01-22 08:35:52,091 [INFO] IPUIPlugin:80 - create IPUIPlugin
2026-01-22 08:35:52,091 [INFO] PluginManager:220 - loadIPPluginJar : add resmgrutility
2026-01-22 08:35:52,100 [INFO] IPUIPlugin:80 - create IPUIPlugin
2026-01-22 08:35:52,101 [INFO] PluginManager:220 - loadIPPluginJar : add mdma
2026-01-22 08:35:52,107 [INFO] IPUIPlugin:80 - create IPUIPlugin
2026-01-22 08:35:52,108 [INFO] PluginManager:220 - loadIPPluginJar : add gpio
2026-01-22 08:35:52,111 [INFO] IPUIPlugin:80 - create IPUIPlugin
2026-01-22 08:35:52,112 [INFO] PluginManager:220 - loadIPPluginJar : add tsc
2026-01-22 08:35:52,116 [INFO] IPUIPlugin:80 - create IPUIPlugin
2026-01-22 08:35:52,116 [INFO] PluginManager:220 - loadIPPluginJar : add extmemmanager
2026-01-22 08:35:52,121 [INFO] IPUIPlugin:80 - create IPUIPlugin
2026-01-22 08:35:52,122 [INFO] PluginManager:220 - loadIPPluginJar : add sai
2026-01-22 08:35:52,127 [INFO] IPUIPlugin:80 - create IPUIPlugin
2026-01-22 08:35:52,128 [INFO] PluginManager:220 - loadIPPluginJar : add i2c
2026-01-22 08:35:52,131 [INFO] IPUIPlugin:80 - create IPUIPlugin
2026-01-22 08:35:52,131 [INFO] PluginManager:220 - loadIPPluginJar : add ucpd
2026-01-22 08:35:52,135 [INFO] IPUIPlugin:80 - create IPUIPlugin
2026-01-22 08:35:52,135 [INFO] PluginManager:220 - loadIPPluginJar : add aes
2026-01-22 08:35:52,138 [INFO] IPUIPlugin:80 - create IPUIPlugin
2026-01-22 08:35:52,139 [INFO] PluginManager:220 - loadIPPluginJar : add tracer_emb
2026-01-22 08:35:52,145 [INFO] IPUIPlugin:80 - create IPUIPlugin
2026-01-22 08:35:52,145 [INFO] PluginManager:220 - loadIPPluginJar : add usbx
2026-01-22 08:35:52,149 [INFO] IPUIPlugin:80 - create IPUIPlugin
2026-01-22 08:35:52,149 [INFO] PluginManager:220 - loadIPPluginJar : add lorawan
2026-01-22 08:35:52,160 [INFO] IPUIPlugin:80 - create IPUIPlugin
2026-01-22 08:35:52,160 [INFO] PluginManager:220 - loadIPPluginJar : add linkedlist
2026-01-22 08:35:52,165 [INFO] IPUIPlugin:80 - create IPUIPlugin
2026-01-22 08:35:52,165 [INFO] PluginManager:220 - loadIPPluginJar : add fmc
2026-01-22 08:35:52,167 [INFO] IPUIPlugin:80 - create IPUIPlugin
2026-01-22 08:35:52,168 [INFO] PluginManager:220 - loadIPPluginJar : add opamp
2026-01-22 08:35:52,169 [INFO] IPUIPlugin:80 - create IPUIPlugin
2026-01-22 08:35:52,169 [INFO] PluginManager:220 - loadIPPluginJar : add genericplugin
2026-01-22 08:35:52,172 [INFO] IPUIPlugin:80 - create IPUIPlugin
2026-01-22 08:35:52,172 [INFO] PluginManager:220 - loadIPPluginJar : add nvic
2026-01-22 08:35:52,177 [INFO] IPUIPlugin:80 - create IPUIPlugin
2026-01-22 08:35:52,177 [INFO] PluginManager:220 - loadIPPluginJar : add ipddr
2026-01-22 08:35:52,183 [INFO] IPUIPlugin:80 - create IPUIPlugin
2026-01-22 08:35:52,183 [INFO] PluginManager:220 - loadIPPluginJar : add i3c
2026-01-22 08:35:52,186 [INFO] IPUIPlugin:80 - create IPUIPlugin
2026-01-22 08:35:52,186 [INFO] PluginManager:220 - loadIPPluginJar : add hash
2026-01-22 08:35:52,189 [INFO] IPUIPlugin:80 - create IPUIPlugin
2026-01-22 08:35:52,190 [INFO] PluginManager:220 - loadIPPluginJar : add gtzc
2026-01-22 08:35:52,192 [INFO] IPUIPlugin:80 - create IPUIPlugin
2026-01-22 08:35:52,192 [INFO] PluginManager:220 - loadIPPluginJar : add radio
2026-01-22 08:35:52,198 [INFO] IPUIPlugin:80 - create IPUIPlugin
2026-01-22 08:35:52,198 [INFO] PluginManager:220 - loadIPPluginJar : add gic
2026-01-22 08:35:52,205 [INFO] IPUIPlugin:80 - create IPUIPlugin
2026-01-22 08:35:52,205 [INFO] PluginManager:220 - loadIPPluginJar : add dma
2026-01-22 08:35:52,208 [INFO] IPUIPlugin:80 - create IPUIPlugin
2026-01-22 08:35:52,209 [INFO] PluginManager:220 - loadIPPluginJar : add can
2026-01-22 08:35:52,212 [INFO] IPUIPlugin:80 - create IPUIPlugin
2026-01-22 08:35:52,212 [INFO] PluginManager:220 - loadIPPluginJar : add openamp
2026-01-22 08:35:52,220 [INFO] IPUIPlugin:80 - create IPUIPlugin
2026-01-22 08:35:52,220 [INFO] PluginManager:220 - loadIPPluginJar : add stm32_wpan
2026-01-22 08:35:52,227 [INFO] IPUIPlugin:80 - create IPUIPlugin
2026-01-22 08:35:52,227 [INFO] PluginManager:220 - loadIPPluginJar : add adc
2026-01-22 08:35:52,343 [FATAL] Updater:351 - Updater called before beeing initialized
2026-01-22 08:35:52,401 [ERROR] LogOutputStream:75 - [STDERR_REDIRECT] Jan 22, 2026 8:35:52 AM org.eclipse.lsp4j.jsonrpc.services.GenericEndpoint notify
2026-01-22 08:35:52,403 [ERROR] LogOutputStream:75 - [STDERR_REDIRECT] WARNING: Unsupported notification method: statusNotification
2026-01-22 08:35:52,403 [ERROR] LogOutputStream:75 - [STDERR_REDIRECT] 
2026-01-22 08:35:52,405 [ERROR] LogOutputStream:75 - [STDERR_REDIRECT] Jan 22, 2026 8:35:52 AM org.eclipse.lsp4j.jsonrpc.services.GenericEndpoint notify
2026-01-22 08:35:52,406 [ERROR] LogOutputStream:75 - [STDERR_REDIRECT] WARNING: Unsupported notification method: didChangeStatus
2026-01-22 08:35:52,407 [ERROR] LogOutputStream:75 - [STDERR_REDIRECT] 
2026-01-22 08:35:52,424 [ERROR] LogOutputStream:75 - [STDERR_REDIRECT] Jan 22, 2026 8:35:52 AM org.eclipse.lsp4j.jsonrpc.services.GenericEndpoint notify
2026-01-22 08:35:52,424 [INFO] RulesReader:64 - Compatibility file has been processed (317 Rules)
2026-01-22 08:35:52,425 [ERROR] LogOutputStream:75 - [STDERR_REDIRECT] WARNING: Unsupported notification method: conversation/preconditionsNotification
2026-01-22 08:35:52,426 [ERROR] LogOutputStream:75 - [STDERR_REDIRECT] 
2026-01-22 08:35:52,456 [INFO] RulesReader:64 - Compatibility file has been processed (317 Rules)
2026-01-22 08:35:52,481 [INFO] CADModel:165 - CPN selected for project level
2026-01-22 08:35:52,482 [INFO] CADModel:114 - Register for checkConnection events
2026-01-22 08:35:52,482 [FATAL] Updater:351 - Updater called before beeing initialized
2026-01-22 08:35:52,483 [ERROR] CADModel:125 - Updater not yet initialized, retry later 
2026-01-22 08:35:52,802 [FATAL] Updater:351 - Updater called before beeing initialized
2026-01-22 08:35:52,806 [INFO] CADModel:165 - CPN selected for project level
2026-01-22 08:35:52,807 [INFO] CADModel:114 - Register for checkConnection events
2026-01-22 08:35:52,807 [FATAL] Updater:351 - Updater called before beeing initialized
2026-01-22 08:35:52,809 [ERROR] CADModel:125 - Updater not yet initialized, retry later 
2026-01-22 08:35:52,820 [FATAL] Updater:351 - Updater called before beeing initialized
2026-01-22 08:35:53,102 [FATAL] Updater:351 - Updater called before beeing initialized
2026-01-22 08:35:53,115 [INFO] DbMcusAds:53 - JSON generation date=Thu Jan 08 10:56:59 PET 2026 (1767887819573)
2026-01-22 08:35:53,116 [FATAL] Updater:351 - Updater called before beeing initialized
2026-01-22 08:35:53,196 [WARN] DetailPanel:346 - Failed to get advertising image, set to default
2026-01-22 08:35:53,314 [FATAL] Updater:351 - Updater called before beeing initialized
2026-01-22 08:35:53,316 [FATAL] Updater:351 - Updater called before beeing initialized
2026-01-22 08:35:53,316 [FATAL] Updater:351 - Updater called before beeing initialized
2026-01-22 08:35:53,316 [WARN] DetailPanel:346 - Failed to get advertising image, set to default
2026-01-22 08:35:53,317 [FATAL] Updater:351 - Updater called before beeing initialized
2026-01-22 08:35:53,362 [ERROR] Updater:1198 - MainUpdater not yet initialized. External WinMGr cannot be set.
2026-01-22 08:35:53,365 [INFO] Updater:1134 - Updater Version found : 6.15.0
2026-01-22 08:35:53,388 [INFO] ApplicationProperties:184 - Using Application install path: /opt/st/stm32cubeide_1.18.1/../../../home/tecna-smart-lab/.eclipse/com.st.stm32cube.ide.mcu.rcp.product_1.18.1_139067097_linux_gtk_x86_64/plugins/com.st.stm32cube.common.mx_6.15.0.202507011659
2026-01-22 08:35:54,151 [INFO] MainUpdater:2872 - connection check result : 10
2026-01-22 08:35:54,152 [INFO] MainUpdater:289 - Updater Check For Update Now.
2026-01-22 08:35:54,153 [INFO] MicroXplorer:498 - Change Database Version : DB.6.0.150
2026-01-22 08:35:54,168 [INFO] McuFinderGlobals:63 - Set McuFinder mode to 2 (CubeIDE integrated)
2026-01-22 08:35:54,169 [INFO] UserAuth:487 - Internet connection configuration mode: 1
2026-01-22 08:35:54,216 [INFO] JxBrowserEngine:152 - Initiate JxBrowser Engine with user profile folder
2026-01-22 08:35:54,405 [WARN] MainUpdater:1193 - Updater busy. Cannot search thirdparties
2026-01-22 08:35:54,406 [INFO] ThirdPartyUpdaterWithRetryManager:96 - Updater plugin is busy. [1/15]
2026-01-22 08:35:54,552 [INFO] CheckServerUpdateThread:120 - End of CheckServer Thread
2026-01-22 08:35:55,923 [INFO] WebApp:169 - Instantiating new browser for Auth
2026-01-22 08:35:57,423 [INFO] WebApp:463 - Apply proxy settings
2026-01-22 08:35:57,424 [INFO] WebApp:548 - Chromium requires no authentication
2026-01-22 08:35:57,452 [INFO] WebApp:491 - Direct internet connection detected
2026-01-22 08:35:57,512 [INFO] WebApp:900 - Register for checkConnection events
2026-01-22 08:35:57,513 [INFO] WebApp:463 - Apply proxy settings
2026-01-22 08:35:57,514 [INFO] WebApp:548 - Chromium requires no authentication
2026-01-22 08:35:57,515 [INFO] WebApp:491 - Direct internet connection detected
2026-01-22 08:35:57,775 [WARN] PackLoader:240 - Cannot read IP mode file for STMicroelectronics.FP-SNS-MOTENVWB1.1.4.0
2026-01-22 08:35:57,785 [WARN] PackLoader:240 - Cannot read IP mode file for STMicroelectronics.FP-ATR-ASTRA1.2.0.2
2026-01-22 08:35:57,799 [WARN] PackLoader:240 - Cannot read IP mode file for STMicroelectronics.X-CUBE-SMBUS.2.1.0
2026-01-22 08:35:57,807 [WARN] PackLoader:240 - Cannot read IP mode file for STMicroelectronics.X-CUBE-ST60.1.0.0
2026-01-22 08:35:57,856 [WARN] PackLoader:240 - Cannot read IP mode file for STMicroelectronics.X-CUBE-AZRTOS-F7.1.1.0
2026-01-22 08:35:57,869 [WARN] PackLoader:240 - Cannot read IP mode file for STMicroelectronics.FP-SNS-MOTENV1.5.1.0
2026-01-22 08:35:57,875 [INFO] WebApp:225 - Starting web application
2026-01-22 08:35:57,876 [INFO] WebApp:593 - Web application path used /opt/st/stm32cubeide_1.18.1/../../../home/tecna-smart-lab/.eclipse/com.st.stm32cube.ide.mcu.rcp.product_1.18.1_139067097_linux_gtk_x86_64/plugins/com.st.stm32cube.common.mx_6.15.0.202507011659/db/plugins/mcufinder/reactClient1/index.html
2026-01-22 08:35:57,937 [WARN] PackLoader:240 - Cannot read IP mode file for Infineon.AIROC-Wi-Fi-Bluetooth-STM32.1.7.0
2026-01-22 08:35:58,131 [INFO] WebApp:191 - Connection restablished
2026-01-22 08:35:58,177 [INFO] UserAuth:487 - Internet connection configuration mode: 1
2026-01-22 08:35:58,310 [WARN] PackLoader:240 - Cannot read IP mode file for STMicroelectronics.X-CUBE-AZRTOS-H7.3.4.0
2026-01-22 08:35:58,326 [WARN] PackLoader:240 - Cannot read IP mode file for STMicroelectronics.X-CUBE-DISPLAY.3.0.0
2026-01-22 08:35:58,441 [WARN] PackLoader:240 - Cannot read IP mode file for STMicroelectronics.X-CUBE-NFC10.1.0.0
2026-01-22 08:35:58,564 [WARN] PackLoader:240 - Cannot read IP mode file for STMicroelectronics.X-CUBE-BLEMGR.4.0.0
2026-01-22 08:35:58,583 [WARN] PackLoader:240 - Cannot read IP mode file for STMicroelectronics.X-CUBE-ST60.1.1.0
2026-01-22 08:35:58,600 [WARN] PackLoader:240 - Cannot read IP mode file for emotas.I-CUBE-CANOPEN.1.3.0
2026-01-22 08:35:58,613 [WARN] PackLoader:240 - Cannot read IP mode file for STMicroelectronics.X-CUBE-GNSS1.7.1.0
2026-01-22 08:35:58,626 [WARN] ConditionMgr:438 - getConditionDescription Invalid condition id : Cortex-A Device cause : null
2026-01-22 08:35:58,646 [WARN] ConditionMgr:1044 - genDependencies : Invalid condition id : Cortex-A Device cause : null
2026-01-22 08:35:58,647 [WARN] ConditionMgr:1044 - genDependencies : Invalid condition id : Cortex-A Device cause : null
2026-01-22 08:35:58,648 [WARN] ConditionMgr:1044 - genDependencies : Invalid condition id : Cortex-A Device cause : null
2026-01-22 08:35:58,653 [WARN] PackLoader:240 - Cannot read IP mode file for STMicroelectronics.X-CUBE-AI.10.0.0
2026-01-22 08:35:58,669 [WARN] PackLoader:240 - Cannot read IP mode file for STMicroelectronics.FP-SNS-STBOX1.2.1.0
2026-01-22 08:35:58,683 [WARN] PackLoader:240 - Cannot read IP mode file for STMicroelectronics.FP-SNS-SMARTAG2.1.2.0
2026-01-22 08:35:58,693 [WARN] PackLoader:240 - Cannot read IP mode file for STMicroelectronics.FP-SNS-FLIGHT1.5.1.0
2026-01-22 08:35:58,709 [INFO] LogOutputStream:77 - [STDOUT_REDIRECT] 1 : Invalid condition id : UX_CORESTACK_Condition cause : null
2026-01-22 08:35:58,711 [INFO] LogOutputStream:77 - [STDOUT_REDIRECT] 1 : Invalid condition id : UX_CORESTACK_Condition cause : null
2026-01-22 08:35:58,712 [INFO] LogOutputStream:77 - [STDOUT_REDIRECT] 1 : Invalid condition id : UX_CORESTACK_Condition cause : null
2026-01-22 08:35:58,713 [INFO] LogOutputStream:77 - [STDOUT_REDIRECT] 1 : Invalid condition id : UX_CORESTACK_Condition cause : null
2026-01-22 08:35:58,714 [INFO] LogOutputStream:77 - [STDOUT_REDIRECT] 1 : Invalid condition id : UX_CORESTACK_Condition cause : null
2026-01-22 08:35:58,721 [WARN] PackLoader:240 - Cannot read IP mode file for STMicroelectronics.X-CUBE-AZRTOS-WL.2.0.0
2026-01-22 08:35:58,733 [WARN] PackLoader:240 - Cannot read IP mode file for STMicroelectronics.FP-SNS-MOTENV1.5.0.0
2026-01-22 08:35:58,774 [WARN] PackLoader:240 - Cannot read IP mode file for STMicroelectronics.X-CUBE-AZRTOS-H7RS.1.2.0
2026-01-22 08:35:58,794 [WARN] PackLoader:240 - Cannot read IP mode file for WES.I-CUBE-Cesium.1.3.0
2026-01-22 08:35:58,802 [WARN] PackLoader:240 - Cannot read IP mode file for STMicroelectronics.X-CUBE-BLE2.3.3.0
2026-01-22 08:35:58,835 [WARN] PackLoader:240 - Cannot read IP mode file for STMicroelectronics.X-CUBE-NFC9.1.0.0
2026-01-22 08:35:58,951 [WARN] PackLoader:240 - Cannot read IP mode file for STMicroelectronics.X-CUBE-BLE1.7.1.0
2026-01-22 08:35:58,959 [WARN] PackLoader:240 - Cannot read IP mode file for wolfSSL.I-CUBE-wolfMQTT.1.19.2
2026-01-22 08:35:58,970 [WARN] PackLoader:240 - Cannot read IP mode file for STMicroelectronics.X-CUBE-FREERTOS.1.4.0
2026-01-22 08:35:59,019 [WARN] PackLoader:240 - Cannot read IP mode file for STMicroelectronics.X-CUBE-EEPRMA1.5.2.0
2026-01-22 08:35:59,076 [WARN] PackLoader:240 - Cannot read IP mode file for STMicroelectronics.X-CUBE-ST67W61.1.1.0
2026-01-22 08:35:59,081 [WARN] PackLoader:240 - Cannot read IP mode file for STMicroelectronics.X-CUBE-AI.10.1.0
2026-01-22 08:35:59,163 [WARN] PackLoader:240 - Cannot read IP mode file for STMicroelectronics.X-CUBE-MEMS1.12.0.0
2026-01-22 08:35:59,363 [WARN] PackLoader:240 - Cannot read IP mode file for STMicroelectronics.X-CUBE-MEMS1.11.2.0
2026-01-22 08:35:59,519 [WARN] PackLoader:240 - Cannot read IP mode file for STMicroelectronics.X-CUBE-AZRTOS-G0.1.1.0
2026-01-22 08:35:59,527 [WARN] PackLoader:240 - Cannot read IP mode file for STMicroelectronics.X-CUBE-SAFEA1.1.2.2
2026-01-22 08:35:59,531 [WARN] PackLoader:240 - Cannot read IP mode file for STMicroelectronics.X-CUBE-NFC4.3.0.0
2026-01-22 08:35:59,558 [WARN] PackLoader:240 - Cannot read IP mode file for EmbeddedOffice.I-CUBE-FS-RTOS.1.0.1
2026-01-22 08:35:59,563 [WARN] PackLoader:240 - Cannot read IP mode file for STMicroelectronics.X-CUBE-WB05N.2.0.0
2026-01-22 08:35:59,566 [WARN] PackLoader:240 - Cannot read IP mode file for wolfSSL.I-CUBE-wolfTPM.3.8.0
2026-01-22 08:35:59,569 [WARN] PackLoader:240 - Cannot read IP mode file for STMicroelectronics.X-CUBE-TCPP.4.2.0
2026-01-22 08:35:59,575 [WARN] PackLoader:240 - Cannot read IP mode file for RealThread.X-CUBE-RT-Thread_Nano.4.1.1
2026-01-22 08:35:59,595 [WARN] PackLoader:240 - Cannot read IP mode file for STMicroelectronics.FP-ATR-SIGFOX1.3.2.0
2026-01-22 08:35:59,599 [WARN] PackLoader:240 - Cannot read IP mode file for STMicroelectronics.X-CUBE-EEPRMA1.5.1.0
2026-01-22 08:35:59,606 [WARN] PackLoader:240 - Cannot read IP mode file for wolfSSL.I-CUBE-wolfSSL.5.7.6
2026-01-22 08:35:59,612 [WARN] PackLoader:240 - Cannot read IP mode file for ITTIA_DB.I-CUBE-ITTIADB.8.9.0
2026-01-22 08:35:59,619 [WARN] PackLoader:240 - Cannot read IP mode file for STMicroelectronics.X-CUBE-NFC6.3.2.0
2026-01-22 08:35:59,628 [WARN] PackLoader:240 - Cannot read IP mode file for STMicroelectronics.X-CUBE-ST67W61.1.0.0
2026-01-22 08:35:59,632 [WARN] PackLoader:240 - Cannot read IP mode file for STMicroelectronics.X-CUBE-AI.10.2.0
2026-01-22 08:35:59,662 [WARN] PackLoader:240 - Cannot read IP mode file for SEGGER.I-CUBE-embOS.1.3.1
2026-01-22 08:35:59,708 [WARN] PackLoader:240 - Cannot read IP mode file for STMicroelectronics.X-CUBE-ALGOBUILD.1.4.0
2026-01-22 08:35:59,777 [WARN] PackLoader:240 - Cannot read IP mode file for STMicroelectronics.X-CUBE-MEMS1.11.3.0
2026-01-22 08:36:00,097 [WARN] PackLoader:240 - Cannot read IP mode file for STMicroelectronics.X-CUBE-PM33A1.1.0.0
2026-01-22 08:36:00,122 [WARN] PackLoader:240 - Cannot read IP mode file for STMicroelectronics.X-CUBE-AZRTOS-F4.1.1.0
2026-01-22 08:36:00,218 [WARN] PackLoader:240 - Cannot read IP mode file for Avnet-IotConnect.X-CUBE-IoTC-DA16k-PMOD.1.0.0
2026-01-22 08:36:00,222 [WARN] PackLoader:240 - Cannot read IP mode file for STMicroelectronics.X-CUBE-ISPU.2.1.0
2026-01-22 08:36:00,230 [WARN] PackLoader:240 - Cannot read IP mode file for STMicroelectronics.X-CUBE-IPS.3.2.0
2026-01-22 08:36:00,240 [WARN] PackLoader:240 - Cannot read IP mode file for STMicroelectronics.X-CUBE-NFC12.1.0.0
2026-01-22 08:36:00,276 [WARN] PackLoader:240 - Cannot read IP mode file for STMicroelectronics.X-CUBE-AZRTOS-L5.2.0.0
2026-01-22 08:36:00,283 [WARN] PackLoader:240 - Cannot read IP mode file for STMicroelectronics.X-CUBE-NFC6.3.1.0
2026-01-22 08:36:00,335 [WARN] PackLoader:240 - Cannot read IP mode file for STMicroelectronics.X-CUBE-FREERTOS.1.3.1
2026-01-22 08:36:00,365 [WARN] PackLoader:240 - Cannot read IP mode file for STMicroelectronics.X-CUBE-FREERTOS.1.3.0
2026-01-22 08:36:00,392 [WARN] PackLoader:240 - Cannot read IP mode file for STMicroelectronics.X-CUBE-NFC7.1.0.1
2026-01-22 08:36:00,397 [WARN] PackLoader:240 - Cannot read IP mode file for STMicroelectronics.X-CUBE-TOUCHGFX.4.26.0
2026-01-22 08:36:00,400 [WARN] PackLoader:240 - Cannot read IP mode file for STMicroelectronics.FP-SNS-STAIOTCFT.1.0.0
2026-01-22 08:36:00,404 [WARN] PackLoader:240 - Cannot read IP mode file for STMicroelectronics.X-CUBE-DPower.1.3.0
2026-01-22 08:36:00,417 [WARN] ConditionMgr:438 - getConditionDescription Invalid condition id : LAN8742 Phy interface Condition cause : null
2026-01-22 08:36:00,417 [WARN] PackLoader:240 - Cannot read IP mode file for STMicroelectronics.X-CUBE-AZRTOS-L4.2.0.0
2026-01-22 08:36:00,418 [WARN] ConditionMgr:1044 - genDependencies : Invalid condition id : LAN8742 Phy interface Condition cause : null
2026-01-22 08:36:00,419 [WARN] ConditionMgr:1044 - genDependencies : Invalid condition id : LAN8742 Phy interface Condition cause : null
2026-01-22 08:36:00,419 [WARN] ConditionMgr:1044 - genDependencies : Invalid condition id : LAN8742 Phy interface Condition cause : null
2026-01-22 08:36:00,426 [WARN] PackLoader:240 - Cannot read IP mode file for STMicroelectronics.X-CUBE-SFXS2LP1.4.0.0
2026-01-22 08:36:00,431 [WARN] PackLoader:240 - Cannot read IP mode file for STMicroelectronics.X-CUBE-ST67W61.1.2.0
2026-01-22 08:36:00,447 [WARN] PackLoader:240 - Cannot read IP mode file for STMicroelectronics.X-CUBE-AZRTOS-H7.3.3.0
2026-01-22 08:36:00,537 [WARN] PackLoader:240 - Cannot read IP mode file for STMicroelectronics.X-CUBE-BLEMGR.4.1.0
2026-01-22 08:36:00,549 [WARN] ConditionMgr:438 - getConditionDescription Invalid condition id : UX DEVICE CLASS RTOS Condition cause : null
2026-01-22 08:36:00,549 [WARN] ConditionMgr:438 - getConditionDescription Invalid condition id : UX DEVICE CLASS RTOS Condition cause : null
2026-01-22 08:36:00,550 [WARN] PackLoader:240 - Cannot read IP mode file for STMicroelectronics.X-CUBE-AZRTOS-WB.2.0.0
2026-01-22 08:36:00,551 [WARN] ConditionMgr:1044 - genDependencies : Invalid condition id : UX DEVICE CLASS RTOS Condition cause : null
2026-01-22 08:36:00,551 [WARN] ConditionMgr:1044 - genDependencies : Invalid condition id : UX DEVICE CLASS RTOS Condition cause : null
2026-01-22 08:36:00,551 [WARN] ConditionMgr:1044 - genDependencies : Invalid condition id : UX DEVICE CLASS RTOS Condition cause : null
2026-01-22 08:36:00,552 [WARN] ConditionMgr:1044 - genDependencies : Invalid condition id : UX DEVICE CLASS RTOS Condition cause : null
2026-01-22 08:36:00,552 [WARN] ConditionMgr:1044 - genDependencies : Invalid condition id : UX DEVICE CLASS RTOS Condition cause : null
2026-01-22 08:36:00,555 [WARN] ConditionMgr:438 - getConditionDescription Invalid condition id : UX DEVICE CLASS RTOS Condition cause : null
2026-01-22 08:36:00,555 [WARN] ConditionMgr:438 - getConditionDescription Invalid condition id : UX DEVICE CLASS RTOS Condition cause : null
2026-01-22 08:36:00,615 [WARN] PackLoader:240 - Cannot read IP mode file for STMicroelectronics.X-CUBE-GNSS1.7.0.1
2026-01-22 08:36:00,635 [WARN] PackLoader:240 - Cannot read IP mode file for STMicroelectronics.X-CUBE-TOUCHGFX.4.25.0
2026-01-22 08:36:00,641 [WARN] PackLoader:240 - Cannot read IP mode file for STMicroelectronics.FP-SNS-STBOX1.2.0.0
2026-01-22 08:36:00,660 [WARN] PackLoader:240 - Cannot read IP mode file for STMicroelectronics.X-CUBE-STSE01.2.0.0
2026-01-22 08:36:00,667 [WARN] PackLoader:240 - Cannot read IP mode file for STMicroelectronics.X-CUBE-SUBG2.5.0.0
2026-01-22 08:36:00,683 [WARN] PackLoader:240 - Cannot read IP mode file for STMicroelectronics.X-CUBE-AZRTOS-H7RS.1.1.0
2026-01-22 08:36:00,689 [WARN] PackLoader:240 - Cannot read IP mode file for Cesanta.I-CUBE-Mongoose.7.13.0
2026-01-22 08:36:00,713 [WARN] PackLoader:240 - Cannot read IP mode file for STMicroelectronics.X-CUBE-AZRTOS-G4.2.0.0
2026-01-22 08:36:00,783 [WARN] PackLoader:240 - Cannot read IP mode file for wolfSSL.I-CUBE-wolfSSH.1.4.20
2026-01-22 08:36:00,794 [WARN] PackLoader:240 - Cannot read IP mode file for STMicroelectronics.X-CUBE-NFC7.2.0.0
2026-01-22 08:36:00,853 [WARN] PackLoader:240 - Cannot read IP mode file for STMicroelectronics.X-CUBE-IPS.3.1.0
2026-01-22 08:36:00,869 [WARN] PackLoader:240 - Cannot read IP mode file for STMicroelectronics.X-CUBE-ALS.1.0.2
2026-01-22 08:36:00,882 [WARN] PackLoader:240 - Cannot read IP mode file for STMicroelectronics.X-CUBE-STSE01.1.0.0
2026-01-22 08:36:00,894 [WARN] PackLoader:240 - Cannot read IP mode file for portGmbH.I-Cube-SoM-uGOAL.1.1.0
2026-01-22 08:36:00,952 [WARN] PackLoader:240 - Cannot read IP mode file for STMicroelectronics.X-CUBE-TOF1.3.4.3
2026-01-22 08:36:00,976 [INFO] ThirdParty:978 - Integrity check success = true
2026-01-22 08:36:00,976 [INFO] IntegrityCheckThread:100 - exiting critical section [integrity check]
2026-01-22 08:36:00,976 [INFO] IntegrityCheckThread:103 - End integrity checks thread
2026-01-22 10:26:58,561 [INFO] WebApp:194 - Connection lost
2026-01-22 10:29:08,615 [INFO] WebApp:191 - Connection restablished
